$ tsc --noEmit && vite build
vite v7.3.2 building client environment for production...
(node:2370) [DEP0205] DeprecationWarning: `module.register()` is deprecated. Use `module.registerHooks()` instead.
(Use `node --trace-deprecation ...` to show where the warning was created)
transforming...
Found 1 warning while optimizing generated CSS:

[2mâ”‚   }[22m
[2mâ”‚ }[22m
[2mâ”‚[22m @import url('https://fonts.googleapis.com/css2?family=Bebas+Neue&family=Oswald:wght@300;400;500;600;700&family=Inter:wght@300;400;500;600&display=swap');
[2mâ”†[22m        [33m[2m^--[22m @import rules must precede all rules aside from @charset and @layer statements[39m
[2mâ”†[22m
[2mâ”‚ :root {[22m
[2mâ”‚   --black: #0a0a0a;[22m

âś“ 2235 modules transformed.
rendering chunks...
computing gzip size...
dist/index.html                   0.59 kB â”‚ gzip:   0.37 kB
dist/assets/index-BrsfEfFq.css   27.50 kB â”‚ gzip:   6.13 kB
dist/assets/index-DBwe6hoW.js   782.83 kB â”‚ gzip: 244.08 kB

(!) Some chunks are larger than 500 kB after minification. Consider:
- Using dynamic import() to code-split the application
- Use build.rollupOptions.output.manualChunks to improve chunking: https://rollupjs.org/configuration-options/#output-manualchunks
- Adjust chunk size limit for this warning via build.chunkSizeWarningLimit.
âś“ built in 3.53s
